  Input.cpp
  main.cpp
C:\Users\ASUS\Documents\GitHub\P6-Phase1\P6-Phase1\P6-Phase1\P6\PhysicsWorld.h(23): warning C4305: 'argument': truncation from 'double' to 'const float'
C:\Users\ASUS\Documents\GitHub\P6-Phase1\P6-Phase1\P6-Phase1\main.cpp(211,25): warning C4244: 'initializing': conversion from 'double' to 'float', possible loss of data
C:\Users\ASUS\Documents\GitHub\P6-Phase1\P6-Phase1\P6-Phase1\main.cpp(212,27): warning C4244: 'initializing': conversion from 'double' to 'float', possible loss of data
C:\Users\ASUS\Documents\GitHub\P6-Phase1\P6-Phase1\P6-Phase1\main.cpp(233,81): warning C4244: 'argument': conversion from 'int' to 'const float', possible loss of data
C:\Users\ASUS\Documents\GitHub\P6-Phase1\P6-Phase1\P6-Phase1\main.cpp(233,67): warning C4244: 'argument': conversion from 'int' to 'const float', possible loss of data
C:\Users\ASUS\Documents\GitHub\P6-Phase1\P6-Phase1\P6-Phase1\main.cpp(233,53): warning C4244: 'argument': conversion from 'int' to 'const float', possible loss of data
  DragForce.cpp
  GravityForce.cpp
  ForceRegistry.cpp
  Force.cpp
  Model3D.cpp
C:\Users\ASUS\Documents\GitHub\P6-Phase1\P6-Phase1\P6-Phase1\Model3D.cpp(369,70): warning C4267: 'argument': conversion from 'size_t' to 'GLsizei', possible loss of data
  MyCamera.cpp
  OrthoCamera.cpp
  PhysicsParticle.cpp
  MyVector.cpp
  PhysicsWorld.cpp
C:\Users\ASUS\Documents\GitHub\P6-Phase1\P6-Phase1\P6-Phase1\P6\PhysicsWorld.h(23): warning C4305: 'argument': truncation from 'double' to 'const float'
  RenderParticle.cpp
  PerspectiveCamera.cpp
  Shader.cpp
  Generating Code...
  glad.c
LINK : warning LNK4098: defaultlib 'MSVCRT' conflicts with use of other libs; use /NODEFAULTLIB:library
  P6-Phase1.vcxproj -> C:\Users\ASUS\Documents\GitHub\P6-Phase1\P6-Phase1\x64\Debug\P6-Phase1.exe
